#
# A fatal error has been detected by the Java Runtime Environment:
#
#  EXCEPTION_ACCESS_VIOLATION (0xc0000005) at pc=0x000000006e836fb7, pid=10516, tid=6716
#
# JRE version: Java(TM) SE Runtime Environment (7.0_67-b01) (build 1.7.0_67-b01)
# Java VM: Java HotSpot(TM) 64-Bit Server VM (24.65-b04 mixed mode windows-amd64 compressed oops)
# Problematic frame:
# C  [nio.dll+0x6fb7]
#
# Failed to write core dump. Minidumps are not enabled by default on client versions of Windows
#
# If you would like to submit a bug report, please visit:
#   http://bugreport.sun.com/bugreport/crash.jsp
# The crash happened outside the Java Virtual Machine in native code.
# See problematic frame for where to report the bug.
#

---------------  T H R E A D  ---------------

Current thread (0x000000000c80d800):  JavaThread "stdout" daemon [_thread_in_native, id=6716, stack(0x0000000012760000,0x0000000012860000)]

siginfo: ExceptionCode=0xc0000005, writing address 0x0000000012855000

Registers:
RAX=0x000000000000d0d0, RBX=0x00000000b08659a0, RCX=0x000000000c80d9e8, RDX=0x000000001285e710
RSP=0x000000001285e5a8, RBP=0x00000000128515f0, RSI=0x000000000000003d, RDI=0x00000000027263f0
R8 =0x000000000a8ec000, R9 =0x0000000000000002, R10=0x0000000012851000, R11=0x0000000012855000
R12=0x0000000000000000, R13=0x00000000b08659a0, R14=0x000000001285e710, R15=0x000000000c80d800
RIP=0x000000006e836fb7, EFLAGS=0x0000000000010206

Top of Stack: (sp=0x000000001285e5a8)
0x000000001285e5a8:   0000000002733124 000000006ac52a70
0x000000001285e5b8:   000000006e8368ba 000000000c80d800
0x000000001285e5c8:   000000001285e710 00000000b08659a0
0x000000001285e5d8:   0000000000000000 00000000027263f0
0x000000001285e5e8:   000000000000003d 000000001285e6b0
0x000000001285e5f8:   0000000002733150 000000001285e6e0
0x000000001285e608:   00000000b08659a0 000000000ca74cd8
0x000000001285e618:   0000000000000000 000000001285e6f0
0x000000001285e628:   000000001285e6e8 000000001285e6e0
0x000000001285e638:   ffffffffffffffff 00000000b003255d
0x000000001285e648:   000000001285e6a0 0000000000000000
0x000000001285e658:   0000000000000000 0000000000000000
0x000000001285e668:   0000000002733684 000000001285e670
0x000000001285e678:   0000000000000000 000000001285e710
0x000000001285e688:   00000000b0866428 0000000000000000
0x000000001285e698:   00000000b08659a0 0000000000000000 

Instructions: (pc=0x000000006e836fb7)
0x000000006e836f97:   d0 4d 0f 42 d3 65 4c 8b 1c 25 10 00 00 00 4d 3b
0x000000006e836fa7:   d3 73 16 66 41 81 e2 00 f0 4d 8d 9b 00 f0 ff ff
0x000000006e836fb7:   41 c6 03 00 4d 3b d3 75 f0 4c 8b 14 24 4c 8b 5c
0x000000006e836fc7:   24 08 48 83 c4 10 c3 cc cc 40 53 48 83 ec 20 b9 


Register to memory mapping:

RAX=0x000000000000d0d0 is an unknown value
RBX=0x00000000b08659a0 is an oop
{method} 
 - klass: {other class}
RCX=0x000000000c80d9e8 is an unknown value
RDX=0x000000001285e710 is pointing into the stack for thread: 0x000000000c80d800
RSP=0x000000001285e5a8 is pointing into the stack for thread: 0x000000000c80d800
RBP=0x00000000128515f0 is pointing into the stack for thread: 0x000000000c80d800
RSI=0x000000000000003d is an unknown value
RDI=0x00000000027263f0 is at code_begin+3280 in an Interpreter codelet
return entry points  [0x0000000002725720, 0x0000000002727520]  7680 bytes
R8 =0x000000000a8ec000 is an unknown value
R9 =0x0000000000000002 is an unknown value
R10=0x0000000012851000 is pointing into the stack for thread: 0x000000000c80d800
R11=0x0000000012855000 is pointing into the stack for thread: 0x000000000c80d800
R12=0x0000000000000000 is an unknown value
R13=0x00000000b08659a0 is an oop
{method} 
 - klass: {other class}
R14=0x000000001285e710 is pointing into the stack for thread: 0x000000000c80d800
R15=0x000000000c80d800 is a thread


Stack: [0x0000000012760000,0x0000000012860000],  sp=0x000000001285e5a8,  free space=1017k
Native frames: (J=compiled Java code, j=interpreted, Vv=VM code, C=native code)
C  [nio.dll+0x6fb7]

[error occurred during error reporting (printing native stack), id 0xc0000005]

Java frames: (J=compiled Java code, j=interpreted, Vv=VM code)
j  sun.nio.ch.WindowsSelectorImpl$SubSelector.poll0(JI[I[I[IJ)I+0
j  sun.nio.ch.WindowsSelectorImpl$SubSelector.poll()I+43
j  sun.nio.ch.WindowsSelectorImpl$SubSelector.access$400(Lsun/nio/ch/WindowsSelectorImpl$SubSelector;)I+1
j  sun.nio.ch.WindowsSelectorImpl.doSelect(J)I+63
j  sun.nio.ch.SelectorImpl.lockAndDoSelect(J)I+37
j  sun.nio.ch.SelectorImpl.select(J)I+30
j  sun.nio.ch.SelectorImpl.select()I+2
j  org.gradle.messaging.remote.internal.inet.SocketConnection$SocketOutputStream.flush()V+22
j  java.io.ObjectOutputStream$BlockDataOutputStream.flush()V+8
j  java.io.ObjectOutputStream.flush()V+4
j  org.gradle.messaging.remote.internal.Message.send(Ljava/lang/Object;Ljava/io/OutputStream;)V+15
j  org.gradle.messaging.remote.internal.DefaultMessageSerializer$MessageWriter.write(Ljava/lang/Object;)V+5
j  org.gradle.messaging.remote.internal.inet.SocketConnection.dispatch(Ljava/lang/Object;)V+5
j  org.gradle.launcher.daemon.server.SynchronizedDispatchConnection$1.run()V+11
j  org.gradle.internal.concurrent.Synchronizer.synchronize(Ljava/lang/Runnable;)V+10
j  org.gradle.launcher.daemon.server.SynchronizedDispatchConnection.dispatch(Ljava/lang/Object;)V+43
j  org.gradle.launcher.daemon.server.DefaultDaemonConnection.logEvent(Lorg/gradle/logging/internal/OutputEvent;)V+5
j  org.gradle.launcher.daemon.server.exec.LogToClient$1.onOutput(Lorg/gradle/logging/internal/OutputEvent;)V+29
j  sun.reflect.GeneratedMethodAccessor2.invoke(Ljava/lang/Object;[Ljava/lang/Object;)Ljava/lang/Object;+40
J 906 C2 java.lang.reflect.Method.invoke(Ljava/lang/Object;[Ljava/lang/Object;)Ljava/lang/Object; (63 bytes) @ 0x0000000002aec5f0 [0x0000000002aec580+0x70]
j  org.gradle.messaging.dispatch.ReflectionDispatch.dispatch(Lorg/gradle/messaging/dispatch/MethodInvocation;)V+19
j  org.gradle.messaging.dispatch.ReflectionDispatch.dispatch(Ljava/lang/Object;)V+5
J 1218 C2 org.gradle.internal.event.BroadcastDispatch.dispatch(Lorg/gradle/messaging/dispatch/MethodInvocation;)V (147 bytes) @ 0x0000000002c1a3f8 [0x0000000002c1a160+0x298]
j  org.gradle.internal.event.BroadcastDispatch.dispatch(Ljava/lang/Object;)V+5
j  org.gradle.messaging.dispatch.ProxyDispatchAdapter$DispatchingInvocationHandler.invoke(Ljava/lang/Object;Ljava/lang/reflect/Method;[Ljava/lang/Object;)Ljava/lang/Object;+172
j  com.sun.proxy.$Proxy0.onOutput(Lorg/gradle/logging/internal/OutputEvent;)V+16
j  org.gradle.logging.internal.OutputEventRenderer.onOutput(Lorg/gradle/logging/internal/OutputEvent;)V+94
j  org.gradle.logging.internal.slf4j.OutputEventListenerBackedLogger.log(Lorg/gradle/api/logging/LogLevel;Ljava/lang/Throwable;Ljava/lang/String;)V+38
j  org.gradle.logging.internal.slf4j.OutputEventListenerBackedLogger.log(Lorg/gradle/api/logging/LogLevel;Ljava/lang/String;)V+12
j  org.gradle.api.logging.Logger$log$0.call(Ljava/lang/Object;[Ljava/lang/Object;)Ljava/lang/Object;+25
j  org.codehaus.groovy.runtime.callsite.CallSiteArray.defaultCall(Lorg/codehaus/groovy/runtime/callsite/CallSite;Ljava/lang/Object;[Ljava/lang/Object;)Ljava/lang/Object;+8
j  org.codehaus.groovy.runtime.callsite.AbstractCallSite.call(Ljava/lang/Object;[Ljava/lang/Object;)Ljava/lang/Object;+3
j  org.codehaus.groovy.runtime.callsite.AbstractCallSite.call(Ljava/lang/Object;Ljava/lang/Object;Ljava/lang/Object;)Ljava/lang/Object;+7
j  com.android.build.gradle.internal.LoggerWrapper.error(Ljava/lang/Throwable;Ljava/lang/String;[Ljava/lang/Object;)V+336
j  com.android.builder.png.AaptProcess$ProcessOutputFacade.out(Ljava/lang/String;)V+169
j  com.android.utils.GrabProcessOutput$2.run()V+45
v  ~StubRoutines::call_stub

---------------  P R O C E S S  ---------------

Java Threads: ( => current thread )
  0x000000000c366000 JavaThread "stdout" daemon [_thread_in_native, id=6888, stack(0x0000000012e60000,0x0000000012f60000)]
  0x000000000c365800 JavaThread "stderr" daemon [_thread_in_native, id=11740, stack(0x0000000013be0000,0x0000000013ce0000)]
  0x000000000c364800 JavaThread "stdout" daemon [_thread_blocked, id=4756, stack(0x00000000133f0000,0x00000000134f0000)]
  0x000000000c364000 JavaThread "stderr" daemon [_thread_blocked, id=5156, stack(0x0000000013a40000,0x0000000013b40000)]
  0x000000000c363000 JavaThread "stdout" daemon [_thread_in_native, id=9572, stack(0x00000000138f0000,0x00000000139f0000)]
  0x000000000c362800 JavaThread "stderr" daemon [_thread_in_native, id=11932, stack(0x0000000013740000,0x0000000013840000)]
  0x000000000c361800 JavaThread "stdout" daemon [_thread_in_native, id=1044, stack(0x00000000134f0000,0x00000000135f0000)]
  0x000000000c361000 JavaThread "stderr" daemon [_thread_in_native, id=6480, stack(0x00000000112f0000,0x00000000113f0000)]
  0x000000000c360000 JavaThread "stdout" daemon [_thread_blocked, id=5984, stack(0x00000000132f0000,0x00000000133f0000)]
  0x000000000c35f800 JavaThread "stderr" daemon [_thread_in_native, id=5300, stack(0x0000000013180000,0x0000000013280000)]
  0x000000000c812000 JavaThread "stdout" daemon [_thread_blocked, id=10328, stack(0x0000000012f90000,0x0000000013090000)]
  0x000000000c811000 JavaThread "stderr" daemon [_thread_in_native, id=2996, stack(0x0000000012d40000,0x0000000012e40000)]
  0x000000000c810800 JavaThread "stdout" daemon [_thread_blocked, id=7900, stack(0x0000000012c30000,0x0000000012d30000)]
  0x000000000c80f800 JavaThread "stderr" daemon [_thread_blocked, id=3044, stack(0x0000000012a40000,0x0000000012b40000)]
  0x000000000c80f000 JavaThread "stdout" daemon [_thread_in_vm, id=11352, stack(0x0000000012890000,0x0000000012990000)]
  0x000000000c80e000 JavaThread "stderr" daemon [_thread_in_native, id=8528, stack(0x0000000012380000,0x0000000012480000)]
=>0x000000000c80d800 JavaThread "stdout" daemon [_thread_in_native, id=6716, stack(0x0000000012760000,0x0000000012860000)]
  0x000000000c80c800 JavaThread "stderr" daemon [_thread_in_native, id=7052, stack(0x0000000012630000,0x0000000012730000)]
  0x000000000c80c000 JavaThread "stdout" daemon [_thread_blocked, id=11988, stack(0x0000000012480000,0x0000000012580000)]
  0x000000000c80b000 JavaThread "stderr" daemon [_thread_in_native, id=12164, stack(0x0000000012210000,0x0000000012310000)]
  0x000000000d2fc000 JavaThread "stdout" daemon [_thread_blocked, id=11984, stack(0x0000000012020000,0x0000000012120000)]
  0x000000000d2fb800 JavaThread "stderr" daemon [_thread_blocked, id=8084, stack(0x0000000011d10000,0x0000000011e10000)]
  0x000000000d2fa800 JavaThread "stdout" daemon [_thread_in_native, id=9584, stack(0x0000000011e10000,0x0000000011f10000)]
  0x000000000d2fa000 JavaThread "stderr" daemon [_thread_in_native, id=9488, stack(0x0000000011c00000,0x0000000011d00000)]
  0x000000000d2f9000 JavaThread "stdout" daemon [_thread_blocked, id=2512, stack(0x0000000011a70000,0x0000000011b70000)]
  0x000000000d2f8800 JavaThread "stderr" daemon [_thread_in_native, id=11376, stack(0x0000000011940000,0x0000000011a40000)]
  0x000000000d2f7800 JavaThread "stdout" daemon [_thread_blocked, id=11284, stack(0x00000000116d0000,0x00000000117d0000)]
  0x000000000d2f7000 JavaThread "stderr" daemon [_thread_in_native, id=11216, stack(0x0000000011810000,0x0000000011910000)]
  0x000000000bee5000 JavaThread "stdout" daemon [_thread_blocked, id=7784, stack(0x00000000113f0000,0x00000000114f0000)]
  0x000000000bee4800 JavaThread "stderr" daemon [_thread_in_native, id=12228, stack(0x0000000010f40000,0x0000000011040000)]
  0x000000000bee3800 JavaThread "stdout" daemon [_thread_blocked, id=11544, stack(0x00000000111b0000,0x00000000112b0000)]
  0x000000000bee3000 JavaThread "stderr" daemon [_thread_blocked, id=5164, stack(0x0000000011080000,0x0000000011180000)]
  0x000000000bee2000 JavaThread "stdout" daemon [_thread_blocked, id=11924, stack(0x0000000010e40000,0x0000000010f40000)]
  0x000000000bee1800 JavaThread "stderr" daemon [_thread_blocked, id=4860, stack(0x0000000010ca0000,0x0000000010da0000)]
  0x000000000bedf000 JavaThread "png-cruncher_40" daemon [_thread_blocked, id=6028, stack(0x0000000010330000,0x0000000010430000)]
  0x000000000bede800 JavaThread "png-cruncher_39" daemon [_thread_blocked, id=10180, stack(0x0000000010740000,0x0000000010840000)]
  0x000000000ddff800 JavaThread "png-cruncher_38" daemon [_thread_blocked, id=8228, stack(0x000000000f410000,0x000000000f510000)]
  0x000000000ddfe800 JavaThread "png-cruncher_37" daemon [_thread_blocked, id=6308, stack(0x0000000010600000,0x0000000010700000)]
  0x000000000ddfe000 JavaThread "png-cruncher_36" daemon [_thread_blocked, id=9960, stack(0x000000000af50000,0x000000000b050000)]
  0x000000000ddfd000 JavaThread "png-cruncher_35" daemon [_thread_blocked, id=9728, stack(0x0000000010460000,0x0000000010560000)]
  0x000000000ddfc800 JavaThread "png-cruncher_34" daemon [_thread_blocked, id=11644, stack(0x00000000101f0000,0x00000000102f0000)]
  0x000000000ddfb800 JavaThread "png-cruncher_33" daemon [_thread_blocked, id=7428, stack(0x000000000ffc0000,0x00000000100c0000)]
  0x000000000ddfb000 JavaThread "png-cruncher_32" daemon [_thread_blocked, id=11300, stack(0x000000000fe50000,0x000000000ff50000)]
  0x000000000ddfa000 JavaThread "png-cruncher_31" daemon [_thread_blocked, id=1300, stack(0x000000000fc60000,0x000000000fd60000)]
  0x000000000bf69800 JavaThread "png-cruncher_30" daemon [_thread_blocked, id=1268, stack(0x000000000f650000,0x000000000f750000)]
  0x000000000bf68800 JavaThread "png-cruncher_29" daemon [_thread_blocked, id=6388, stack(0x000000000f750000,0x000000000f850000)]
  0x000000000bf68000 JavaThread "png-cruncher_28" daemon [_thread_blocked, id=5364, stack(0x000000000f520000,0x000000000f620000)]
  0x000000000bf67000 JavaThread "png-cruncher_27" daemon [_thread_blocked, id=7876, stack(0x000000000ea60000,0x000000000eb60000)]
  0x000000000bf66000 JavaThread "png-cruncher_26" daemon [_thread_blocked, id=11448, stack(0x000000000f210000,0x000000000f310000)]
  0x000000000bf64800 JavaThread "png-cruncher_25" daemon [_thread_blocked, id=3148, stack(0x000000000f310000,0x000000000f410000)]
  0x000000000bf64000 JavaThread "png-cruncher_24" daemon [_thread_blocked, id=6360, stack(0x000000000f0c0000,0x000000000f1c0000)]
  0x000000000bf65800 JavaThread "png-cruncher_23" daemon [_thread_blocked, id=10508, stack(0x000000000efb0000,0x000000000f0b0000)]
  0x000000000bf63000 JavaThread "png-cruncher_22" daemon [_thread_blocked, id=6212, stack(0x000000000ee20000,0x000000000ef20000)]
  0x000000000bf62800 JavaThread "png-cruncher_21" daemon [_thread_blocked, id=10068, stack(0x000000000ed10000,0x000000000ee10000)]
  0x000000000d51f000 JavaThread "pool-1-thread-2" [_thread_blocked, id=11040, stack(0x000000000e830000,0x000000000e930000)]
  0x000000000da4c800 JavaThread "pool-1-thread-1" [_thread_blocked, id=11528, stack(0x000000000ebc0000,0x000000000ecc0000)]
  0x000000000c03c800 JavaThread "Stdin handler" [_thread_blocked, id=11452, stack(0x000000000b180000,0x000000000b280000)]
  0x000000000d7d0800 JavaThread "Cancel handler" [_thread_blocked, id=4852, stack(0x000000000b570000,0x000000000b670000)]
  0x000000000a7c8800 JavaThread "Handler for socket connection from /127.0.0.1:56952 to /127.0.0.1:57334" [_thread_in_native, id=11704, stack(0x000000000b050000,0x000000000b150000)]
  0x000000000b776800 JavaThread "File lock request listener" [_thread_in_native, id=4020, stack(0x000000000c670000,0x000000000c770000)]
  0x000000000a5ee800 JavaThread "Daemon worker" [_thread_blocked, id=11596, stack(0x000000000b290000,0x000000000b390000)]
  0x000000000a7a2000 JavaThread "Daemon" [_thread_blocked, id=11652, stack(0x000000000ae50000,0x000000000af50000)]
  0x000000000a7c4000 JavaThread "Incoming local TCP Connector on port 56952" [_thread_in_native, id=6636, stack(0x000000000abb0000,0x000000000acb0000)]
  0x00000000087de000 JavaThread "Service Thread" daemon [_thread_blocked, id=7816, stack(0x0000000009710000,0x0000000009810000)]
  0x00000000087d2800 JavaThread "C2 CompilerThread1" daemon [_thread_blocked, id=6604, stack(0x0000000009d20000,0x0000000009e20000)]
  0x00000000087cc800 JavaThread "C2 CompilerThread0" daemon [_thread_blocked, id=6960, stack(0x0000000009b30000,0x0000000009c30000)]
  0x00000000087c7800 JavaThread "Attach Listener" daemon [_thread_blocked, id=8580, stack(0x0000000009a00000,0x0000000009b00000)]
  0x00000000087c6800 JavaThread "Signal Dispatcher" daemon [_thread_blocked, id=6948, stack(0x0000000009810000,0x0000000009910000)]
  0x0000000008756000 JavaThread "Finalizer" daemon [_thread_blocked, id=4680, stack(0x0000000009600000,0x0000000009700000)]
  0x000000000234e800 JavaThread "Reference Handler" daemon [_thread_blocked, id=4236, stack(0x00000000091e0000,0x00000000092e0000)]
  0x00000000023ad800 JavaThread "main" [_thread_blocked, id=11880, stack(0x0000000002620000,0x0000000002720000)]

Other Threads:
  0x0000000008752800 VMThread [stack: 0x0000000009360000,0x0000000009460000] [id=10848]
  0x00000000087e8800 WatcherThread [stack: 0x0000000009e30000,0x0000000009f30000] [id=5284]

VM state:synchronizing (normal execution)

VM Mutex/Monitor currently owned by a thread:  ([mutex/lock_event])
[0x00000000023abfd0] Threads_lock - owner thread: 0x0000000008752800

Heap
 PSYoungGen      total 312320K, used 298381K [0x00000000eaa80000, 0x0000000100000000, 0x0000000100000000)
  eden space 294400K, 95% used [0x00000000eaa80000,0x00000000fbde2cb0,0x00000000fca00000)
  from space 17920K, 91% used [0x00000000fee80000,0x00000000ffe808c8,0x0000000100000000)
  to   space 27648K, 0% used [0x00000000fca00000,0x00000000fca00000,0x00000000fe500000)
 ParOldGen       total 87040K, used 52503K [0x00000000c0000000, 0x00000000c5500000, 0x00000000eaa80000)
  object space 87040K, 60% used [0x00000000c0000000,0x00000000c3345f40,0x00000000c5500000)
 PSPermGen       total 93184K, used 49876K [0x00000000b0000000, 0x00000000b5b00000, 0x00000000c0000000)
  object space 93184K, 53% used [0x00000000b0000000,0x00000000b30b5260,0x00000000b5b00000)

Card table byte_map: [0x0000000005720000,0x00000000059b0000] byte_map_base: 0x00000000051a0000

Polling page: 0x0000000000150000

Code Cache  [0x0000000002720000, 0x0000000002c90000, 0x0000000005720000)
 total_blobs=1915 nmethods=1283 adapters=583 free_code_cache=43695Kb largest_free_block=44680512

Compilation events (10 events):
Event: 116.098 Thread 0x00000000087d2800 1416             java.lang.reflect.Field::getFieldAccessor (35 bytes)
Event: 116.101 Thread 0x00000000087d2800 nmethod 1416 0x0000000002c655d0 code [0x0000000002c65700, 0x0000000002c65778]
Event: 116.104 Thread 0x00000000087d2800 1417             java.nio.charset.CoderResult::isOverflow (14 bytes)
Event: 116.105 Thread 0x00000000087cc800 1418             java.nio.Buffer::hasRemaining (17 bytes)
Event: 116.105 Thread 0x00000000087d2800 nmethod 1417 0x0000000002c70dd0 code [0x0000000002c70f00, 0x0000000002c70f58]
Event: 116.106 Thread 0x00000000087cc800 nmethod 1418 0x0000000002c70bd0 code [0x0000000002c70d00, 0x0000000002c70d58]
Event: 116.112 Thread 0x00000000087d2800 1419             java.lang.reflect.Field::get (49 bytes)
Event: 116.115 Thread 0x00000000087d2800 nmethod 1419 0x0000000002c73b50 code [0x0000000002c73cc0, 0x0000000002c73df0]
Event: 116.170 Thread 0x00000000087cc800 1420   !         org.codehaus.groovy.reflection.CachedField::getProperty (46 bytes)
Event: 116.173 Thread 0x00000000087cc800 nmethod 1420 0x0000000002c81cd0 code [0x0000000002c81e40, 0x0000000002c81fd0]

GC Heap History (10 events):
Event: 51.879 GC heap before
{Heap before GC invocations=11 (full 0):
 PSYoungGen      total 224256K, used 224235K [0x00000000eaa80000, 0x00000000f9700000, 0x0000000100000000)
  eden space 214016K, 100% used [0x00000000eaa80000,0x00000000f7b80000,0x00000000f7b80000)
  from space 10240K, 99% used [0x00000000f8800000,0x00000000f91fac50,0x00000000f9200000)
  to   space 12800K, 0% used [0x00000000f7b80000,0x00000000f7b80000,0x00000000f8800000)
 ParOldGen       total 87040K, used 16868K [0x00000000c0000000, 0x00000000c5500000, 0x00000000eaa80000)
  object space 87040K, 19% used [0x00000000c0000000,0x00000000c1079138,0x00000000c5500000)
 PSPermGen       total 30208K, used 30062K [0x00000000b0000000, 0x00000000b1d80000, 0x00000000c0000000)
  object space 30208K, 99% used [0x00000000b0000000,0x00000000b1d5bad8,0x00000000b1d80000)
Event: 51.904 GC heap after
Heap after GC invocations=11 (full 0):
 PSYoungGen      total 226816K, used 2641K [0x00000000eaa80000, 0x0000000100000000, 0x0000000100000000)
  eden space 214016K, 0% used [0x00000000eaa80000,0x00000000eaa80000,0x00000000f7b80000)
  from space 12800K, 20% used [0x00000000f7b80000,0x00000000f7e14558,0x00000000f8800000)
  to   space 12800K, 0% used [0x00000000ff380000,0x00000000ff380000,0x0000000100000000)
 ParOldGen       total 87040K, used 22693K [0x00000000c0000000, 0x00000000c5500000, 0x00000000eaa80000)
  object space 87040K, 26% used [0x00000000c0000000,0x00000000c1629698,0x00000000c5500000)
 PSPermGen       total 30208K, used 30062K [0x00000000b0000000, 0x00000000b1d80000, 0x00000000c0000000)
  object space 30208K, 99% used [0x00000000b0000000,0x00000000b1d5bad8,0x00000000b1d80000)
}
Event: 66.663 GC heap before
{Heap before GC invocations=12 (full 0):
 PSYoungGen      total 226816K, used 216657K [0x00000000eaa80000, 0x0000000100000000, 0x0000000100000000)
  eden space 214016K, 100% used [0x00000000eaa80000,0x00000000f7b80000,0x00000000f7b80000)
  from space 12800K, 20% used [0x00000000f7b80000,0x00000000f7e14558,0x00000000f8800000)
  to   space 12800K, 0% used [0x00000000ff380000,0x00000000ff380000,0x0000000100000000)
 ParOldGen       total 87040K, used 22693K [0x00000000c0000000, 0x00000000c5500000, 0x00000000eaa80000)
  object space 87040K, 26% used [0x00000000c0000000,0x00000000c1629698,0x00000000c5500000)
 PSPermGen       total 39424K, used 39089K [0x00000000b0000000, 0x00000000b2680000, 0x00000000c0000000)
  object space 39424K, 99% used [0x00000000b0000000,0x00000000b262c598,0x00000000b2680000)
Event: 67.125 GC heap after
Heap after GC invocations=12 (full 0):
 PSYoungGen      total 326656K, used 12791K [0x00000000eaa80000, 0x0000000100000000, 0x0000000100000000)
  eden space 313856K, 0% used [0x00000000eaa80000,0x00000000eaa80000,0x00000000fdd00000)
  from space 12800K, 99% used [0x00000000ff380000,0x00000000ffffdca0,0x0000000100000000)
  to   space 17920K, 0% used [0x00000000fdd00000,0x00000000fdd00000,0x00000000fee80000)
 ParOldGen       total 87040K, used 31979K [0x00000000c0000000, 0x00000000c5500000, 0x00000000eaa80000)
  object space 87040K, 36% used [0x00000000c0000000,0x00000000c1f3ac28,0x00000000c5500000)
 PSPermGen       total 39424K, used 39089K [0x00000000b0000000, 0x00000000b2680000, 0x00000000c0000000)
  object space 39424K, 99% used [0x00000000b0000000,0x00000000b262c598,0x00000000b2680000)
}
Event: 78.710 GC heap before
{Heap before GC invocations=13 (full 0):
 PSYoungGen      total 326656K, used 241573K [0x00000000eaa80000, 0x0000000100000000, 0x0000000100000000)
  eden space 313856K, 72% used [0x00000000eaa80000,0x00000000f89eba08,0x00000000fdd00000)
  from space 12800K, 99% used [0x00000000ff380000,0x00000000ffffdca0,0x0000000100000000)
  to   space 17920K, 0% used [0x00000000fdd00000,0x00000000fdd00000,0x00000000fee80000)
 ParOldGen       total 87040K, used 31979K [0x00000000c0000000, 0x00000000c5500000, 0x00000000eaa80000)
  object space 87040K, 36% used [0x00000000c0000000,0x00000000c1f3ac28,0x00000000c5500000)
 PSPermGen       total 47104K, used 46659K [0x00000000b0000000, 0x00000000b2e00000, 0x00000000c0000000)
  object space 47104K, 99% used [0x00000000b0000000,0x00000000b2d90fe0,0x00000000b2e00000)
Event: 78.809 GC heap after
Heap after GC invocations=13 (full 0):
 PSYoungGen      total 331776K, used 17915K [0x00000000eaa80000, 0x0000000100000000, 0x0000000100000000)
  eden space 313856K, 0% used [0x00000000eaa80000,0x00000000eaa80000,0x00000000fdd00000)
  from space 17920K, 99% used [0x00000000fdd00000,0x00000000fee7eca0,0x00000000fee80000)
  to   space 17920K, 0% used [0x00000000fee80000,0x00000000fee80000,0x0000000100000000)
 ParOldGen       total 87040K, used 48728K [0x00000000c0000000, 0x00000000c5500000, 0x00000000eaa80000)
  object space 87040K, 55% used [0x00000000c0000000,0x00000000c2f960a0,0x00000000c5500000)
 PSPermGen       total 47104K, used 46659K [0x00000000b0000000, 0x00000000b2e00000, 0x00000000c0000000)
  object space 47104K, 99% used [0x00000000b0000000,0x00000000b2d90fe0,0x00000000b2e00000)
}
Event: 78.809 GC heap before
{Heap before GC invocations=14 (full 1):
 PSYoungGen      total 331776K, used 17915K [0x00000000eaa80000, 0x0000000100000000, 0x0000000100000000)
  eden space 313856K, 0% used [0x00000000eaa80000,0x00000000eaa80000,0x00000000fdd00000)
  from space 17920K, 99% used [0x00000000fdd00000,0x00000000fee7eca0,0x00000000fee80000)
  to   space 17920K, 0% used [0x00000000fee80000,0x00000000fee80000,0x0000000100000000)
 ParOldGen       total 87040K, used 48728K [0x00000000c0000000, 0x00000000c5500000, 0x00000000eaa80000)
  object space 87040K, 55% used [0x00000000c0000000,0x00000000c2f960a0,0x00000000c5500000)
 PSPermGen       total 47104K, used 46659K [0x00000000b0000000, 0x00000000b2e00000, 0x00000000c0000000)
  object space 47104K, 99% used [0x00000000b0000000,0x00000000b2d90fe0,0x00000000b2e00000)
Event: 79.887 GC heap after
Heap after GC invocations=14 (full 1):
 PSYoungGen      total 331776K, used 0K [0x00000000eaa80000, 0x0000000100000000, 0x0000000100000000)
  eden space 313856K, 0% used [0x00000000eaa80000,0x00000000eaa80000,0x00000000fdd00000)
  from space 17920K, 0% used [0x00000000fdd00000,0x00000000fdd00000,0x00000000fee80000)
  to   space 17920K, 0% used [0x00000000fee80000,0x00000000fee80000,0x0000000100000000)
 ParOldGen       total 87040K, used 52503K [0x00000000c0000000, 0x00000000c5500000, 0x00000000eaa80000)
  object space 87040K, 60% used [0x00000000c0000000,0x00000000c3345f40,0x00000000c5500000)
 PSPermGen       total 93184K, used 46477K [0x00000000b0000000, 0x00000000b5b00000, 0x00000000c0000000)
  object space 93184K, 49% used [0x00000000b0000000,0x00000000b2d635b0,0x00000000b5b00000)
}
Event: 101.447 GC heap before
{Heap before GC invocations=15 (full 1):
 PSYoungGen      total 331776K, used 313856K [0x00000000eaa80000, 0x0000000100000000, 0x0000000100000000)
  eden space 313856K, 100% used [0x00000000eaa80000,0x00000000fdd00000,0x00000000fdd00000)
  from space 17920K, 0% used [0x00000000fdd00000,0x00000000fdd00000,0x00000000fee80000)
  to   space 17920K, 0% used [0x00000000fee80000,0x00000000fee80000,0x0000000100000000)
 ParOldGen       total 87040K, used 52503K [0x00000000c0000000, 0x00000000c5500000, 0x00000000eaa80000)
  object space 87040K, 60% used [0x00000000c0000000,0x00000000c3345f40,0x00000000c5500000)
 PSPermGen       total 93184K, used 48894K [0x00000000b0000000, 0x00000000b5b00000, 0x00000000c0000000)
  object space 93184K, 52% used [0x00000000b0000000,0x00000000b2fbfb60,0x00000000b5b00000)
Event: 101.532 GC heap after
Heap after GC invocations=15 (full 1):
 PSYoungGen      total 312320K, used 16386K [0x00000000eaa80000, 0x0000000100000000, 0x0000000100000000)
  eden space 294400K, 0% used [0x00000000eaa80000,0x00000000eaa80000,0x00000000fca00000)
  from space 17920K, 91% used [0x00000000fee80000,0x00000000ffe808c8,0x0000000100000000)
  to   space 27648K, 0% used [0x00000000fca00000,0x00000000fca00000,0x00000000fe500000)
 ParOldGen       total 87040K, used 52503K [0x00000000c0000000, 0x00000000c5500000, 0x00000000eaa80000)
  object space 87040K, 60% used [0x00000000c0000000,0x00000000c3345f40,0x00000000c5500000)
 PSPermGen       total 93184K, used 48894K [0x00000000b0000000, 0x00000000b5b00000, 0x00000000c0000000)
  object space 93184K, 52% used [0x00000000b0000000,0x00000000b2fbfb60,0x00000000b5b00000)
}

Deoptimization events (10 events):
Event: 114.208 Thread 0x000000000a5ee800 Uncommon trap: reason=class_check action=maybe_recompile pc=0x0000000002bff16c method=com.google.common.collect.AbstractMapBasedMultimap.put(Ljava/lang/Object;Ljava/lang/Object;)Z @ 5
Event: 114.209 Thread 0x000000000a5ee800 Uncommon trap: reason=class_check action=maybe_recompile pc=0x0000000002b15400 method=com.google.common.collect.AbstractMapBasedMultimap.createCollection(Ljava/lang/Object;)Ljava/util/Collection; @ 1
Event: 114.209 Thread 0x000000000a5ee800 Uncommon trap: reason=class_check action=maybe_recompile pc=0x0000000002bff16c method=com.google.common.collect.AbstractMapBasedMultimap.put(Ljava/lang/Object;Ljava/lang/Object;)Z @ 5
Event: 114.209 Thread 0x000000000a5ee800 Uncommon trap: reason=class_check action=maybe_recompile pc=0x0000000002b15400 method=com.google.common.collect.AbstractMapBasedMultimap.createCollection(Ljava/lang/Object;)Ljava/util/Collection; @ 1
Event: 114.209 Thread 0x000000000a5ee800 Uncommon trap: reason=class_check action=maybe_recompile pc=0x0000000002bff16c method=com.google.common.collect.AbstractMapBasedMultimap.put(Ljava/lang/Object;Ljava/lang/Object;)Z @ 5
Event: 114.209 Thread 0x000000000a5ee800 Uncommon trap: reason=class_check action=maybe_recompile pc=0x0000000002b15400 method=com.google.common.collect.AbstractMapBasedMultimap.createCollection(Ljava/lang/Object;)Ljava/util/Collection; @ 1
Event: 114.209 Thread 0x000000000a5ee800 Uncommon trap: reason=class_check action=maybe_recompile pc=0x0000000002bff16c method=com.google.common.collect.AbstractMapBasedMultimap.put(Ljava/lang/Object;Ljava/lang/Object;)Z @ 5
Event: 114.210 Thread 0x000000000a5ee800 Uncommon trap: reason=class_check action=maybe_recompile pc=0x0000000002b15400 method=com.google.common.collect.AbstractMapBasedMultimap.createCollection(Ljava/lang/Object;)Ljava/util/Collection; @ 1
Event: 116.108 Thread 0x000000000bee5000 Uncommon trap: reason=unreached action=reinterpret pc=0x0000000002c65754 method=java.lang.reflect.Field.getFieldAccessor(Ljava/lang/Object;)Lsun/reflect/FieldAccessor; @ 22
Event: 116.109 Thread 0x000000000bee5000 Uncommon trap: reason=bimorphic action=maybe_recompile pc=0x0000000002a29d7c method=org.codehaus.groovy.util.SingleKeyHashMap.get(Ljava/lang/Object;)Ljava/lang/Object; @ 43

Internal exceptions (10 events):
Event: 114.196 Thread 0x000000000a5ee800 Threw 0x00000000f7153d08 at C:\re\jdk7u67\1368\hotspot\src\share\vm\prims\jvm.cpp:1244
Event: 114.204 Thread 0x000000000a5ee800 Threw 0x00000000f715a560 at C:\re\jdk7u67\1368\hotspot\src\share\vm\prims\jvm.cpp:1244
Event: 114.205 Thread 0x000000000a5ee800 Threw 0x00000000f7160d20 at C:\re\jdk7u67\1368\hotspot\src\share\vm\prims\jvm.cpp:1244
Event: 114.207 Thread 0x000000000a5ee800 Threw 0x00000000f716a1f8 at C:\re\jdk7u67\1368\hotspot\src\share\vm\prims\jvm.cpp:1244
Event: 114.212 Thread 0x000000000a5ee800 Threw 0x00000000f7179868 at C:\re\jdk7u67\1368\hotspot\src\share\vm\prims\jvm.cpp:1244
Event: 116.192 Thread 0x000000000d2f9000 Threw 0x00000000f9f0a908 at C:\re\jdk7u67\1368\hotspot\src\share\vm\interpreter\interpreterRuntime.cpp:304
Event: 116.192 Thread 0x000000000d2f9000 Threw 0x00000000f9f0a908 at C:\re\jdk7u67\1368\hotspot\src\share\vm\prims\jvm.cpp:1248
Event: 116.205 Thread 0x000000000c360000 StackOverflowError at 0x0000000002947770
Event: 116.205 Thread 0x000000000c360000 Threw 0x00000000fafa1ca0 at C:\re\jdk7u67\1368\hotspot\src\share\vm\runtime\sharedRuntime.cpp:591
Event: 116.205 Thread 0x000000000d2f9000 Threw 0x00000000f9f11990 at C:\re\jdk7u67\1368\hotspot\src\share\vm\classfile\systemDictionary.cpp:183

Events (10 events):
Event: 116.199 Executing VM operation: RevokeBias
Event: 116.199 Executing VM operation: RevokeBias done
Event: 116.200 Executing VM operation: RevokeBias
Event: 116.201 Executing VM operation: RevokeBias done
Event: 116.201 Executing VM operation: RevokeBias
Event: 116.201 Executing VM operation: RevokeBias done
Event: 116.201 Executing VM operation: RevokeBias
Event: 116.201 Executing VM operation: RevokeBias done
Event: 116.205 loading class 0x00000000022bf110 done
Event: 116.205 Executing VM operation: RevokeBias


Dynamic libraries:
0x000000013fd90000 - 0x000000013fdc3000 	C:\Program Files\Java\jdk1.7.0_67\bin\java.exe
0x0000000077bb0000 - 0x0000000077d59000 	C:\Windows\SYSTEM32\ntdll.dll
0x0000000077990000 - 0x0000000077aaf000 	C:\Windows\system32\kernel32.dll
0x000007fefddc0000 - 0x000007fefde2b000 	C:\Windows\system32\KERNELBASE.dll
0x000007feff2b0000 - 0x000007feff38b000 	C:\Windows\system32\ADVAPI32.dll
0x000007feff670000 - 0x000007feff70f000 	C:\Windows\system32\msvcrt.dll
0x000007feffa70000 - 0x000007feffa8f000 	C:\Windows\SYSTEM32\sechost.dll
0x000007feff0b0000 - 0x000007feff1dd000 	C:\Windows\system32\RPCRT4.dll
0x0000000077ab0000 - 0x0000000077baa000 	C:\Windows\system32\USER32.dll
0x000007feff410000 - 0x000007feff477000 	C:\Windows\system32\GDI32.dll
0x000007feff480000 - 0x000007feff48e000 	C:\Windows\system32\LPK.dll
0x000007fefef40000 - 0x000007feff009000 	C:\Windows\system32\USP10.dll
0x000007fefc430000 - 0x000007fefc624000 	C:\Windows\WinSxS\amd64_microsoft.windows.common-controls_6595b64144ccf1df_6.0.7601.17514_none_fa396087175ac9ac\COMCTL32.dll
0x000007feff1e0000 - 0x000007feff251000 	C:\Windows\system32\SHLWAPI.dll
0x000007feff8c0000 - 0x000007feff8ee000 	C:\Windows\system32\IMM32.DLL
0x000007feff710000 - 0x000007feff819000 	C:\Windows\system32\MSCTF.dll
0x000007fefda50000 - 0x000007fefdab3000 	C:\Windows\RCD-Guest-Tool\RCD_AppInit.dll
0x000000006dc00000 - 0x000000006dcd2000 	C:\Program Files\Java\jdk1.7.0_67\jre\bin\msvcr100.dll
0x000000006aa70000 - 0x000000006b242000 	C:\Program Files\Java\jdk1.7.0_67\jre\bin\server\jvm.dll
0x000007fefb9c0000 - 0x000007fefb9c9000 	C:\Windows\system32\WSOCK32.dll
0x000007feff260000 - 0x000007feff2ad000 	C:\Windows\system32\WS2_32.dll
0x000007feffeb0000 - 0x000007feffeb8000 	C:\Windows\system32\NSI.dll
0x000007fefc0b0000 - 0x000007fefc0eb000 	C:\Windows\system32\WINMM.dll
0x0000000077d70000 - 0x0000000077d77000 	C:\Windows\system32\PSAPI.DLL
0x00000000749b0000 - 0x00000000749bf000 	C:\Program Files\Java\jdk1.7.0_67\jre\bin\verify.dll
0x000000006e940000 - 0x000000006e968000 	C:\Program Files\Java\jdk1.7.0_67\jre\bin\java.dll
0x000000006e920000 - 0x000000006e935000 	C:\Program Files\Java\jdk1.7.0_67\jre\bin\zip.dll
0x000000006e900000 - 0x000000006e919000 	C:\Program Files\Java\jdk1.7.0_67\jre\bin\net.dll
0x000007fefd2c0000 - 0x000007fefd315000 	C:\Windows\system32\mswsock.dll
0x000007fefd2b0000 - 0x000007fefd2b7000 	C:\Windows\System32\wship6.dll
0x000000006e830000 - 0x000000006e841000 	C:\Program Files\Java\jdk1.7.0_67\jre\bin\nio.dll
0x000007fef8800000 - 0x000007fef8812000 	C:\Users\OA.OA-PC\.gradle\native\19\windows-amd64\native-platform.dll
0x000007fefcba0000 - 0x000007fefcbc7000 	C:\Windows\system32\IPHLPAPI.DLL
0x000007fefcb90000 - 0x000007fefcb9b000 	C:\Windows\system32\WINNSI.DLL
0x000007fefb4b0000 - 0x000007fefb4c1000 	C:\Windows\system32\dhcpcsvc6.DLL
0x000007fefb490000 - 0x000007fefb4a8000 	C:\Windows\system32\dhcpcsvc.DLL
0x000007fefd320000 - 0x000007fefd337000 	C:\Windows\system32\CRYPTSP.dll
0x000007fefd020000 - 0x000007fefd067000 	C:\Windows\system32\rsaenh.dll
0x000007fefcde0000 - 0x000007fefcdfe000 	C:\Windows\system32\USERENV.dll
0x000007fefdac0000 - 0x000007fefdacf000 	C:\Windows\system32\profapi.dll
0x000007fefd980000 - 0x000007fefd98f000 	C:\Windows\system32\CRYPTBASE.dll
0x000007fefd920000 - 0x000007fefd977000 	C:\Windows\system32\apphelp.dll
0x000000006e8f0000 - 0x000000006e8fb000 	C:\Program Files\Java\jdk1.7.0_67\jre\bin\management.dll

VM Arguments:
jvm_args: -XX:MaxPermSize=256m -XX:+HeapDumpOnOutOfMemoryError -Xmx1024m -Dfile.encoding=GBK -Duser.country=CN -Duser.language=zh -Duser.variant 
java_command: org.gradle.launcher.daemon.bootstrap.GradleDaemon 2.4 C:\Users\OA.OA-PC\.gradle C:\Users\OA.OA-PC\.gradle\daemon 10800000 35fe798d-8f09-4411-99ed-d60030c5c678 -XX:MaxPermSize=256m -XX:+HeapDumpOnOutOfMemoryError -Xmx1024m -Dfile.encoding=GBK -Duser.country=CN -Duser.language=zh -Duser.variant
Launcher Type: SUN_STANDARD

Environment Variables:
PATH=C:\Windows\system32;C:\Windows;C:\Windows\System32\Wbem;C:\Windows\System32\WindowsPowerShell\v1.0\;C:\Program Files\TortoiseSVN\bin;C:\Program Files\Java\jdk1.7.0_67\bin;C:\Program Files (x86)\TortoiseSVN\bin;F:\Android Develop\Android SDK\platform-tools
USERNAME=OA
OS=Windows_NT
PROCESSOR_IDENTIFIER=Intel64 Family 6 Model 42 Stepping 1, GenuineIntel



---------------  S Y S T E M  ---------------

OS: Windows 7 , 64 bit Build 7601 Service Pack 1

CPU:total 2 (12 cores per cpu, 1 threads per core) family 6 model 42 stepping 1, cmov, cx8, fxsr, mmx, sse, sse2, sse3, ssse3, sse4.1, sse4.2, popcnt, avx, aes, tsc

Memory: 4k page, physical 8388208k(182324k free), swap 10503996k(10340k free)

vm_info: Java HotSpot(TM) 64-Bit Server VM (24.65-b04) for windows-amd64 JRE (1.7.0_67-b01), built on Jul 25 2014 08:55:00 by "java_re" with unknown MS VC++:1600

time: Wed Jul 01 10:50:48 2015
elapsed time: 116 seconds

