#
# There is insufficient memory for the Java Runtime Environment to continue.
# Native memory allocation (malloc) failed to allocate 499536 bytes for Chunk::new
# Possible reasons:
#   The system is out of physical RAM or swap space
#   In 32 bit mode, the process size limit was hit
# Possible solutions:
#   Reduce memory load on the system
#   Increase physical memory or swap space
#   Check if swap backing store is full
#   Use 64 bit Java on a 64 bit OS
#   Decrease Java heap size (-Xmx/-Xms)
#   Decrease number of Java threads
#   Decrease Java thread stack sizes (-Xss)
#   Set larger code cache with -XX:ReservedCodeCacheSize=
# This output file may be truncated or incomplete.
#
#  Out of Memory Error (allocation.cpp:323), pid=11108, tid=7652
#
# JRE version: Java(TM) SE Runtime Environment (7.0_67-b01) (build 1.7.0_67-b01)
# Java VM: Java HotSpot(TM) 64-Bit Server VM (24.65-b04 mixed mode windows-amd64 compressed oops)
# Failed to write core dump. Minidumps are not enabled by default on client versions of Windows
#

---------------  T H R E A D  ---------------

Current thread (0x00000000087fa800):  JavaThread "C2 CompilerThread1" daemon [_thread_in_native, id=7652, stack(0x0000000009b10000,0x0000000009c10000)]

Stack: [0x0000000009b10000,0x0000000009c10000]
[error occurred during error reporting (printing stack bounds), id 0xc0000005]


[error occurred during error reporting (printing native stack), id 0xc0000005]


Current CompileTask:
C2:   3539  149             com.android.dx.ssa.SsaConverter::placePhiFunctions (394 bytes)


---------------  P R O C E S S  ---------------

Java Threads: ( => current thread )
  0x00000000087ff000 JavaThread "Service Thread" daemon [_thread_blocked, id=4524, stack(0x0000000009cf0000,0x0000000009df0000)]
=>0x00000000087fa800 JavaThread "C2 CompilerThread1" daemon [_thread_in_native, id=7652, stack(0x0000000009b10000,0x0000000009c10000)]
  0x00000000087e9000 JavaThread "C2 CompilerThread0" daemon [_thread_in_native, id=9176, stack(0x00000000097b0000,0x00000000098b0000)]
  0x00000000087e7800 JavaThread "Attach Listener" daemon [_thread_blocked, id=6128, stack(0x0000000009970000,0x0000000009a70000)]
  0x00000000087e6800 JavaThread "Signal Dispatcher" daemon [_thread_blocked, id=8188, stack(0x0000000009690000,0x0000000009790000)]
  0x0000000008776000 JavaThread "Finalizer" daemon [_thread_blocked, id=10388, stack(0x00000000094f0000,0x00000000095f0000)]
  0x000000000267c800 JavaThread "Reference Handler" daemon [_thread_blocked, id=11176, stack(0x0000000009350000,0x0000000009450000)]
  0x00000000026be000 JavaThread "main" [_thread_in_Java, id=10604, stack(0x0000000002790000,0x0000000002890000)]

Other Threads:
  0x0000000008772800 VMThread [stack: 0x00000000091b0000,0x00000000092b0000] [id=10276]
  0x0000000008808000 WatcherThread [stack: 0x0000000009f50000,0x000000000a050000] [id=11072]

VM state:not at safepoint (normal execution)

VM Mutex/Monitor currently owned by a thread: None

Heap
 PSYoungGen      total 38912K, used 20550K [0x00000000eaa80000, 0x00000000ed580000, 0x0000000100000000)
  eden space 33792K, 60% used [0x00000000eaa80000,0x00000000ebe91b20,0x00000000ecb80000)
  from space 5120K, 0% used [0x00000000ed080000,0x00000000ed080000,0x00000000ed580000)
  to   space 5120K, 0% used [0x00000000ecb80000,0x00000000ecb80000,0x00000000ed080000)
 ParOldGen       total 87040K, used 0K [0x00000000c0000000, 0x00000000c5500000, 0x00000000eaa80000)
  object space 87040K, 0% used [0x00000000c0000000,0x00000000c0000000,0x00000000c5500000)
 PSPermGen       total 21504K, used 5445K [0x00000000bae00000, 0x00000000bc300000, 0x00000000c0000000)
  object space 21504K, 25% used [0x00000000bae00000,0x00000000bb351438,0x00000000bc300000)

Card table byte_map: [0x0000000005950000,0x0000000005b80000] byte_map_base: 0x0000000005379000

Polling page: 0x0000000000260000

Code Cache  [0x0000000002890000, 0x0000000002b00000, 0x0000000005890000)
 total_blobs=385 nmethods=149 adapters=188 free_code_cache=48534Kb largest_free_block=49667392

Compilation events (10 events):
Event: 3.438 Thread 0x00000000087fa800  146             com.android.dx.util.Bits::set (19 bytes)
Event: 3.439 Thread 0x00000000087fa800 nmethod 146 0x000000000292a290 code [0x000000000292a3c0, 0x000000000292a458]
Event: 3.440 Thread 0x00000000087fa800  147             com.android.dx.ssa.SsaInsn::getBlock (5 bytes)
Event: 3.441 Thread 0x00000000087fa800 nmethod 147 0x000000000292a090 code [0x000000000292a1c0, 0x000000000292a218]
Event: 3.449 Thread 0x00000000087fa800  148             com.android.dx.rop.code.Insn::<init> (69 bytes)
Event: 3.454 Thread 0x00000000087fa800 nmethod 148 0x0000000002929d90 code [0x0000000002929ec0, 0x0000000002929fb8]
Event: 3.454 Thread 0x00000000087fa800  149             com.android.dx.ssa.SsaConverter::placePhiFunctions (394 bytes)
Event: 3.478 Thread 0x00000000087e9000  150             com.android.dx.ssa.DeadCodeRemover::access$000 (5 bytes)
Event: 3.484 Thread 0x00000000087e9000 nmethod 150 0x0000000002928010 code [0x0000000002928160, 0x00000000029282f8]
Event: 3.484 Thread 0x00000000087e9000  151             com.android.dx.rop.code.BasicBlockList$RegCountVisitor::visit (52 bytes)

GC Heap History (0 events):
No events

Deoptimization events (9 events):
Event: 2.642 Thread 0x00000000026be000 Uncommon trap: reason=bimorphic action=maybe_recompile pc=0x0000000002900bcc method=java.util.HashMap.getEntry(Ljava/lang/Object;)Ljava/util/HashMap$Entry; @ 68
Event: 2.673 Thread 0x00000000026be000 Uncommon trap: reason=bimorphic action=maybe_recompile pc=0x0000000002900bcc method=java.util.HashMap.getEntry(Ljava/lang/Object;)Ljava/util/HashMap$Entry; @ 68
Event: 2.687 Thread 0x00000000026be000 Uncommon trap: reason=bimorphic action=maybe_recompile pc=0x0000000002900bcc method=java.util.HashMap.getEntry(Ljava/lang/Object;)Ljava/util/HashMap$Entry; @ 68
Event: 2.689 Thread 0x00000000026be000 Uncommon trap: reason=bimorphic action=maybe_recompile pc=0x0000000002900bcc method=java.util.HashMap.getEntry(Ljava/lang/Object;)Ljava/util/HashMap$Entry; @ 68
Event: 2.787 Thread 0x00000000026be000 Uncommon trap: reason=class_check action=maybe_recompile pc=0x000000000290406c method=com.android.dx.ssa.NormalSsaInsn.accept(Lcom/android/dx/ssa/SsaInsn$Visitor;)V @ 9
Event: 2.787 Thread 0x00000000026be000 Uncommon trap: reason=class_check action=maybe_recompile pc=0x000000000290406c method=com.android.dx.ssa.NormalSsaInsn.accept(Lcom/android/dx/ssa/SsaInsn$Visitor;)V @ 9
Event: 2.788 Thread 0x00000000026be000 Uncommon trap: reason=class_check action=maybe_recompile pc=0x000000000290406c method=com.android.dx.ssa.NormalSsaInsn.accept(Lcom/android/dx/ssa/SsaInsn$Visitor;)V @ 9
Event: 2.790 Thread 0x00000000026be000 Uncommon trap: reason=class_check action=maybe_recompile pc=0x000000000290406c method=com.android.dx.ssa.NormalSsaInsn.accept(Lcom/android/dx/ssa/SsaInsn$Visitor;)V @ 9
Event: 2.818 Thread 0x00000000026be000 Uncommon trap: reason=null_check action=make_not_entrant pc=0x000000000291284c method=com.android.dx.rop.code.LocalItem.equals(Ljava/lang/Object;)Z @ 1

Internal exceptions (10 events):
Event: 2.687 Thread 0x00000000026be000 Threw 0x00000000eb3f79a8 at C:\re\jdk7u67\1368\hotspot\src\share\vm\prims\jvm.cpp:1244
Event: 2.689 Thread 0x00000000026be000 Threw 0x00000000eb3fb220 at C:\re\jdk7u67\1368\hotspot\src\share\vm\prims\jvm.cpp:1244
Event: 2.691 Thread 0x00000000026be000 Threw 0x00000000eb401520 at C:\re\jdk7u67\1368\hotspot\src\share\vm\prims\jvm.cpp:1244
Event: 2.746 Thread 0x00000000026be000 Threw 0x00000000eb464840 at C:\re\jdk7u67\1368\hotspot\src\share\vm\prims\jvm.cpp:1244
Event: 2.818 Thread 0x00000000026be000 Implicit null exception at 0x00000000029124ed to 0x0000000002912839
Event: 2.924 Thread 0x00000000026be000 Threw 0x00000000eb5e6800 at C:\re\jdk7u67\1368\hotspot\src\share\vm\prims\jvm.cpp:1244
Event: 3.337 Thread 0x00000000026be000 Threw 0x00000000ebac7c08 at C:\re\jdk7u67\1368\hotspot\src\share\vm\prims\jvm.cpp:1244
Event: 3.341 Thread 0x00000000026be000 Threw 0x00000000ebad18d8 at C:\re\jdk7u67\1368\hotspot\src\share\vm\prims\jvm.cpp:1244
Event: 3.342 Thread 0x00000000026be000 Threw 0x00000000ebad3b88 at C:\re\jdk7u67\1368\hotspot\src\share\vm\prims\jvm.cpp:1244
Event: 3.432 Thread 0x00000000026be000 Threw 0x00000000ebb9e980 at C:\re\jdk7u67\1368\hotspot\src\share\vm\prims\jvm.cpp:1244

Events (10 events):
Event: 2.923 loading class 0x000000000a099a60
Event: 2.924 loading class 0x000000000a099a60 done
Event: 3.337 loading class 0x000000000a0997a0
Event: 3.337 loading class 0x000000000a0997a0 done
Event: 3.341 loading class 0x000000000884bde0
Event: 3.341 loading class 0x000000000884bde0 done
Event: 3.342 loading class 0x000000000a299690
Event: 3.342 loading class 0x000000000a299690 done
Event: 3.432 loading class 0x000000000884be30
Event: 3.432 loading class 0x000000000884be30 done


Dynamic libraries:
0x000000013fb40000 - 0x000000013fb73000 	C:\Program Files\Java\jdk1.7.0_67\bin\java.exe
0x0000000076f20000 - 0x00000000770c9000 	C:\Windows\SYSTEM32\ntdll.dll
0x0000000076e00000 - 0x0000000076f1f000 	C:\Windows\system32\kernel32.dll
0x000007fefcfc0000 - 0x000007fefd02b000 	C:\Windows\system32\KERNELBASE.dll
0x000007fefe860000 - 0x000007fefe93b000 	C:\Windows\system32\ADVAPI32.dll
0x000007fefe940000 - 0x000007fefe9df000 	C:\Windows\system32\msvcrt.dll
0x000007fefd350000 - 0x000007fefd36f000 	C:\Windows\SYSTEM32\sechost.dll
0x000007fefd600000 - 0x000007fefd72d000 	C:\Windows\system32\RPCRT4.dll
0x0000000076d00000 - 0x0000000076dfa000 	C:\Windows\system32\USER32.dll
0x000007fefe9e0000 - 0x000007fefea47000 	C:\Windows\system32\GDI32.dll
0x000007fefe640000 - 0x000007fefe64e000 	C:\Windows\system32\LPK.dll
0x000007fefed30000 - 0x000007fefedf9000 	C:\Windows\system32\USP10.dll
0x000007fefb7f0000 - 0x000007fefb9e4000 	C:\Windows\WinSxS\amd64_microsoft.windows.common-controls_6595b64144ccf1df_6.0.7601.17514_none_fa396087175ac9ac\COMCTL32.dll
0x000007fefec30000 - 0x000007fefeca1000 	C:\Windows\system32\SHLWAPI.dll
0x000007fefd240000 - 0x000007fefd26e000 	C:\Windows\system32\IMM32.DLL
0x000007feff120000 - 0x000007feff229000 	C:\Windows\system32\MSCTF.dll
0x000007fefce00000 - 0x000007fefce63000 	C:\Windows\RCD-Guest-Tool\RCD_AppInit.dll
0x0000000066cc0000 - 0x0000000066d92000 	C:\Program Files\Java\jdk1.7.0_67\jre\bin\msvcr100.dll
0x0000000063430000 - 0x0000000063c02000 	C:\Program Files\Java\jdk1.7.0_67\jre\bin\server\jvm.dll
0x000007fefb760000 - 0x000007fefb769000 	C:\Windows\system32\WSOCK32.dll
0x000007feff0d0000 - 0x000007feff11d000 	C:\Windows\system32\WS2_32.dll
0x000007fefee60000 - 0x000007fefee68000 	C:\Windows\system32\NSI.dll
0x000007fefafe0000 - 0x000007fefb01b000 	C:\Windows\system32\WINMM.dll
0x00000000770e0000 - 0x00000000770e7000 	C:\Windows\system32\PSAPI.DLL
0x0000000073170000 - 0x000000007317f000 	C:\Program Files\Java\jdk1.7.0_67\jre\bin\verify.dll
0x0000000073010000 - 0x0000000073038000 	C:\Program Files\Java\jdk1.7.0_67\jre\bin\java.dll
0x0000000073150000 - 0x0000000073165000 	C:\Program Files\Java\jdk1.7.0_67\jre\bin\zip.dll
0x0000000072e40000 - 0x0000000072e59000 	C:\Program Files\Java\jdk1.7.0_67\jre\bin\net.dll
0x000007fefc630000 - 0x000007fefc685000 	C:\Windows\system32\mswsock.dll
0x000007fefc620000 - 0x000007fefc627000 	C:\Windows\System32\wship6.dll
0x0000000072e20000 - 0x0000000072e31000 	C:\Program Files\Java\jdk1.7.0_67\jre\bin\nio.dll

VM Arguments:
jvm_args: -Xmx1024M -Dfile.encoding=GBK -Duser.country=CN -Duser.language=zh -Duser.variant 
java_command: com.android.dx.command.Main --dex --output F:\Github\BaseAdapterForRecyleView\app\build\intermediates\pre-dexed\debug\classes-6597d0142bdb3d025166391c7f25b5a0db0201b7.jar F:\Github\BaseAdapterForRecyleView\app\build\intermediates\exploded-aar\com.android.support\appcompat-v7\22.2.0\jars\classes.jar
Launcher Type: SUN_STANDARD

Environment Variables:
PATH=C:\Windows\system32;C:\Windows;C:\Windows\System32\Wbem;C:\Windows\System32\WindowsPowerShell\v1.0\;C:\Program Files\TortoiseSVN\bin;C:\Program Files\Java\jdk1.7.0_67\bin;C:\Program Files (x86)\TortoiseSVN\bin;F:\Android Develop\Android SDK\platform-tools
USERNAME=OA
OS=Windows_NT
PROCESSOR_IDENTIFIER=Intel64 Family 6 Model 42 Stepping 1, GenuineIntel



---------------  S Y S T E M  ---------------

OS: Windows 7 , 64 bit Build 7601 Service Pack 1

CPU:total 2 (12 cores per cpu, 1 threads per core) family 6 model 42 stepping 1, cmov, cx8, fxsr, mmx, sse, sse2, sse3, ssse3, sse4.1, sse4.2, popcnt, avx, aes, tsc

Memory: 4k page, physical 8388208k(765980k free), swap 10503996k(5576k free)

vm_info: Java HotSpot(TM) 64-Bit Server VM (24.65-b04) for windows-amd64 JRE (1.7.0_67-b01), built on Jul 25 2014 08:55:00 by "java_re" with unknown MS VC++:1600

time: Wed Jun 24 15:20:52 2015
elapsed time: 3 seconds

